F:\PTC_ME\MY PROJECTS\C++\CORE\ALGORITHMS-PRINCETON\UNIONFIND\UNIONFIND\DEBUG\MAIN.OBJ
F:\PTC_ME\MY PROJECTS\C++\CORE\ALGORITHMS-PRINCETON\UNIONFIND\UNIONFIND\DEBUG\QUICK_FIND.OBJ
F:\PTC_ME\MY PROJECTS\C++\CORE\ALGORITHMS-PRINCETON\UNIONFIND\UNIONFIND\DEBUG\VC110.PDB
F:\PTC_ME\MY PROJECTS\C++\CORE\ALGORITHMS-PRINCETON\UNIONFIND\DEBUG\UNIONFIND.ILK
F:\PTC_ME\MY PROJECTS\C++\CORE\ALGORITHMS-PRINCETON\UNIONFIND\DEBUG\UNIONFIND.EXE
F:\PTC_ME\MY PROJECTS\C++\CORE\ALGORITHMS-PRINCETON\UNIONFIND\DEBUG\UNIONFIND.PDB
F:\PTC_Me\My Projects\C++\Core\Algorithms-Princeton\UnionFind\UnionFind\Debug\main.obj
F:\PTC_Me\My Projects\C++\Core\Algorithms-Princeton\UnionFind\UnionFind\Debug\quick_find.obj
F:\PTC_Me\My Projects\C++\Core\Algorithms-Princeton\UnionFind\UnionFind\Debug\cl.command.1.tlog
F:\PTC_Me\My Projects\C++\Core\Algorithms-Princeton\UnionFind\UnionFind\Debug\CL.read.1.tlog
F:\PTC_Me\My Projects\C++\Core\Algorithms-Princeton\UnionFind\UnionFind\Debug\CL.write.1.tlog
F:\PTC_Me\My Projects\C++\Core\Algorithms-Princeton\UnionFind\UnionFind\Debug\link-cvtres.read.1.tlog
F:\PTC_Me\My Projects\C++\Core\Algorithms-Princeton\UnionFind\UnionFind\Debug\link-cvtres.write.1.tlog
F:\PTC_Me\My Projects\C++\Core\Algorithms-Princeton\UnionFind\UnionFind\Debug\link-rc.read.1.tlog
F:\PTC_Me\My Projects\C++\Core\Algorithms-Princeton\UnionFind\UnionFind\Debug\link-rc.write.1.tlog
F:\PTC_Me\My Projects\C++\Core\Algorithms-Princeton\UnionFind\UnionFind\Debug\link.command.1.tlog
F:\PTC_Me\My Projects\C++\Core\Algorithms-Princeton\UnionFind\UnionFind\Debug\link.read.1.tlog
F:\PTC_Me\My Projects\C++\Core\Algorithms-Princeton\UnionFind\UnionFind\Debug\link.write.1.tlog
F:\PTC_Me\My Projects\C++\Core\Algorithms-Princeton\UnionFind\UnionFind\Debug\vc110.idb
F:\PTC_Me\My Projects\C++\Core\Algorithms-Princeton\UnionFind\UnionFind\Debug\vc110.pdb
F:\PTC_Me\My Projects\C++\Core\Algorithms-Princeton\UnionFind\Debug\UnionFind.pdb
F:\PTC_Me\My Projects\C++\Core\Algorithms-Princeton\UnionFind\Debug\UnionFind.exe
F:\PTC_Me\My Projects\C++\Core\Algorithms-Princeton\UnionFind\Debug\UnionFind.ilk
